using C=: 1e-06 parameters: [[ 0.00743338  0.00246997  0.00265303  0.00310003  0.00310003  0.00992812
   0.02405353  0.02405353  0.01156717 -0.0067833 ]] intercept: [[ 0.00743338  0.00246997  0.00265303  0.00310003  0.00310003  0.00992812
   0.02405353  0.02405353  0.01156717 -0.0067833 ]]
using C=: 1e-06 parameters: [[ 0.00769209  0.0024886   0.00259677  0.00336206  0.00336206  0.00969731
   0.023535    0.023535    0.01129254 -0.0061166 ]] intercept: [[ 0.00769209  0.0024886   0.00259677  0.00336206  0.00336206  0.00969731
   0.023535    0.023535    0.01129254 -0.0061166 ]]
using C=: 1e-06 parameters: [[ 0.0070627   0.0023932   0.00250874  0.00303412  0.00303412  0.0096459
   0.02389223  0.02389223  0.01183832 -0.00699319]] intercept: [[ 0.0070627   0.0023932   0.00250874  0.00303412  0.00303412  0.0096459
   0.02389223  0.02389223  0.01183832 -0.00699319]]
using C=: 1e-06 average accuracy: 71.79%
using C=: 5e-06 parameters: [[ 0.02822632  0.00854341  0.01155378  0.00564972  0.00564972  0.03506858
   0.05113799  0.05113799  0.02630355 -0.03654469]] intercept: [[ 0.02822632  0.00854341  0.01155378  0.00564972  0.00564972  0.03506858
   0.05113799  0.05113799  0.02630355 -0.03654469]]
using C=: 5e-06 parameters: [[ 0.02974812  0.00839509  0.01133171  0.00628471  0.00628471  0.03496771
   0.04996848  0.04996848  0.02613337 -0.03446138]] intercept: [[ 0.02974812  0.00839509  0.01133171  0.00628471  0.00628471  0.03496771
   0.04996848  0.04996848  0.02613337 -0.03446138]]
using C=: 5e-06 parameters: [[ 0.0269289   0.00824667  0.01106148  0.00565995  0.00565995  0.03420614
   0.05129678  0.05129678  0.02770622 -0.03732024]] intercept: [[ 0.0269289   0.00824667  0.01106148  0.00565995  0.00565995  0.03420614
   0.05129678  0.05129678  0.02770622 -0.03732024]]
using C=: 5e-06 average accuracy: 81.50%
using C=: 1e-05 parameters: [[ 0.04841077  0.01511595  0.0218621   0.00708424  0.00708424  0.05972225
   0.06708016  0.06708016  0.03488809 -0.0547555 ]] intercept: [[ 0.04841077  0.01511595  0.0218621   0.00708424  0.00708424  0.05972225
   0.06708016  0.06708016  0.03488809 -0.0547555 ]]
using C=: 1e-05 parameters: [[ 0.05146798  0.01484891  0.02151219  0.00783098  0.00783098  0.05988085
   0.0650297   0.0650297   0.03502152 -0.05155057]] intercept: [[ 0.05146798  0.01484891  0.02151219  0.00783098  0.00783098  0.05988085
   0.0650297   0.0650297   0.03502152 -0.05155057]]
using C=: 1e-05 parameters: [[ 0.04714159  0.01436526  0.02105601  0.00690958  0.00690958  0.05866759
   0.06713677  0.06713677  0.03699177 -0.05579959]] intercept: [[ 0.04714159  0.01436526  0.02105601  0.00690958  0.00690958  0.05866759
   0.06713677  0.06713677  0.03699177 -0.05579959]]
using C=: 1e-05 average accuracy: 89.86%
using C=: 5e-05 parameters: [[ 0.15808961  0.06191009  0.09555643  0.0090568   0.0090568   0.2000591
   0.09933171  0.09933171  0.06195668 -0.08726669]] intercept: [[ 0.15808961  0.06191009  0.09555643  0.0090568   0.0090568   0.2000591
   0.09933171  0.09933171  0.06195668 -0.08726669]]
using C=: 5e-05 parameters: [[ 0.16622976  0.06126036  0.09383991  0.01049351  0.01049351  0.20200331
   0.09510718  0.09510718  0.06479513 -0.08145898]] intercept: [[ 0.16622976  0.06126036  0.09383991  0.01049351  0.01049351  0.20200331
   0.09510718  0.09510718  0.06479513 -0.08145898]]
using C=: 5e-05 parameters: [[ 0.15716751  0.0581042   0.09232405  0.0090637   0.0090637   0.19820728
   0.09915133  0.09915133  0.0668666  -0.08847752]] intercept: [[ 0.15716751  0.0581042   0.09232405  0.0090637   0.0090637   0.19820728
   0.09915133  0.09915133  0.0668666  -0.08847752]]
using C=: 5e-05 average accuracy: 94.20%
using C=: 0.0001 parameters: [[ 0.24599262  0.11487006  0.17463222  0.00919131  0.00919131  0.32394693
   0.10343191  0.10343191  0.08005406 -0.09015113]] intercept: [[ 0.24599262  0.11487006  0.17463222  0.00919131  0.00919131  0.32394693
   0.10343191  0.10343191  0.08005406 -0.09015113]]
using C=: 0.0001 parameters: [[ 0.25569725  0.11376891  0.17235718  0.01006112  0.01006112  0.32759754
   0.09845337  0.09845337  0.08526989 -0.08390007]] intercept: [[ 0.25569725  0.11376891  0.17235718  0.01006112  0.01006112  0.32759754
   0.09845337  0.09845337  0.08526989 -0.08390007]]
using C=: 0.0001 parameters: [[ 0.24637924  0.10786414  0.1692924   0.00906719  0.00906719  0.32189849
   0.10303761  0.10303761  0.08694651 -0.09133998]] intercept: [[ 0.24637924  0.10786414  0.1692924   0.00906719  0.00906719  0.32189849
   0.10303761  0.10303761  0.08694651 -0.09133998]]
using C=: 0.0001 average accuracy: 95.42%
using C=: 0.0005 parameters: [[ 0.58146693  0.41666738  0.56616889  0.00680948  0.00680948  0.831132
   0.08313154  0.08313154  0.12267307 -0.07182318]] intercept: [[ 0.58146693  0.41666738  0.56616889  0.00680948  0.00680948  0.831132
   0.08313154  0.08313154  0.12267307 -0.07182318]]
using C=: 0.0005 parameters: [[ 0.59556056  0.41803716  0.56279576  0.00610953  0.00610953  0.83546327
   0.07858961  0.07858961  0.13483389 -0.06729959]] intercept: [[ 0.59556056  0.41803716  0.56279576  0.00610953  0.00610953  0.83546327
   0.07858961  0.07858961  0.13483389 -0.06729959]]
using C=: 0.0005 parameters: [[ 0.59687625  0.40362037  0.5524329   0.00674561  0.00674561  0.82839268
   0.08353592  0.08353592  0.13289871 -0.07530619]] intercept: [[ 0.59687625  0.40362037  0.5524329   0.00674561  0.00674561  0.82839268
   0.08353592  0.08353592  0.13289871 -0.07530619]]
using C=: 0.0005 average accuracy: 98.63%
using C=: 0.001 parameters: [[ 0.80409577  0.65302341  0.83966138  0.00412291  0.00412291  1.13968214
   0.06699654  0.06699654  0.12128913 -0.05863137]] intercept: [[ 0.80409577  0.65302341  0.83966138  0.00412291  0.00412291  1.13968214
   0.06699654  0.06699654  0.12128913 -0.05863137]]
using C=: 0.001 parameters: [[ 0.82178342  0.65147203  0.83950913  0.00375876  0.00375876  1.14382766
   0.06321533  0.06321533  0.13382638 -0.05534877]] intercept: [[ 0.82178342  0.65147203  0.83950913  0.00375876  0.00375876  1.14382766
   0.06321533  0.06321533  0.13382638 -0.05534877]]
using C=: 0.001 parameters: [[ 0.82391776  0.63725564  0.82847942  0.00520809  0.00520809  1.13635989
   0.06794003  0.06794003  0.13075845 -0.06288437]] intercept: [[ 0.82391776  0.63725564  0.82847942  0.00520809  0.00520809  1.13635989
   0.06794003  0.06794003  0.13075845 -0.06288437]]
using C=: 0.001 average accuracy: 99.57%
using C=: 0.005 parameters: [[ 1.50394942  1.39646428  1.55580792  0.00229271  0.00229271  1.70906131
   0.02700037  0.02700037  0.06297991 -0.0243799 ]] intercept: [[ 1.50394942  1.39646428  1.55580792  0.00229271  0.00229271  1.70906131
   0.02700037  0.02700037  0.06297991 -0.0243799 ]]
using C=: 0.005 parameters: [[ 1.50875199  1.38728437  1.55351071  0.00204451  0.00204451  1.70949494
   0.02656334  0.02656334  0.06870547 -0.02475179]] intercept: [[ 1.50875199  1.38728437  1.55351071  0.00204451  0.00204451  1.70949494
   0.02656334  0.02656334  0.06870547 -0.02475179]]
using C=: 0.005 parameters: [[ 1.51029708  1.37912316  1.54533397  0.00324368  0.00324368  1.70491612
   0.02955703  0.02955703  0.0670912  -0.02924694]] intercept: [[ 1.51029708  1.37912316  1.54533397  0.00324368  0.00324368  1.70491612
   0.02955703  0.02955703  0.0670912  -0.02924694]]
using C=: 0.005 average accuracy: 99.99%
using C=: 0.01 parameters: [[  1.71715235e+00   1.64855239e+00   1.74972636e+00   1.20256186e-03
    1.20256186e-03   1.83961886e+00   1.52060317e-02   1.52060317e-02
    3.77266615e-02  -1.36878355e-02]] intercept: [[  1.71715235e+00   1.64855239e+00   1.74972636e+00   1.20256186e-03
    1.20256186e-03   1.83961886e+00   1.52060317e-02   1.52060317e-02
    3.77266615e-02  -1.36878355e-02]]
using C=: 0.01 parameters: [[  1.72035074e+00   1.64264132e+00   1.74801026e+00   1.03977294e-03
    1.03977294e-03   1.83999702e+00   1.49349348e-02   1.49349348e-02
    4.11156947e-02  -1.38865358e-02]] intercept: [[  1.72035074e+00   1.64264132e+00   1.74801026e+00   1.03977294e-03
    1.03977294e-03   1.83999702e+00   1.49349348e-02   1.49349348e-02
    4.11156947e-02  -1.38865358e-02]]
using C=: 0.01 parameters: [[  1.72120704e+00   1.63688782e+00   1.74307266e+00   1.74979914e-03
    1.74979914e-03   1.83737570e+00   1.66543548e-02   1.66543548e-02
    4.02776829e-02  -1.64740167e-02]] intercept: [[  1.72120704e+00   1.63688782e+00   1.74307266e+00   1.74979914e-03
    1.74979914e-03   1.83737570e+00   1.66543548e-02   1.66543548e-02
    4.02776829e-02  -1.64740167e-02]]
using C=: 0.01 average accuracy: 100.00%
using C=: 0.05 parameters: [[  1.93639016e+00   1.91941158e+00   1.94411785e+00   2.69822443e-04
    2.69822443e-04   1.96503497e+00   3.39056502e-03   3.39056502e-03
    8.82448126e-03  -3.04701482e-03]] intercept: [[  1.93639016e+00   1.91941158e+00   1.94411785e+00   2.69822443e-04
    2.69822443e-04   1.96503497e+00   3.39056502e-03   3.39056502e-03
    8.82448126e-03  -3.04701482e-03]]
using C=: 0.05 parameters: [[  1.93716909e+00   1.91761411e+00   1.94375991e+00   2.24472042e-04
    2.24472042e-04   1.96503743e+00   3.32514342e-03   3.32514342e-03
    9.68112942e-03  -3.08956093e-03]] intercept: [[  1.93716909e+00   1.91761411e+00   1.94375991e+00   2.24472042e-04
    2.24472042e-04   1.96503743e+00   3.32514342e-03   3.32514342e-03
    9.68112942e-03  -3.08956093e-03]]
using C=: 0.05 parameters: [[  1.93718600e+00   1.91628167e+00   1.94249871e+00   3.75937472e-04
    3.75937472e-04   1.96442065e+00   3.71929642e-03   3.71929642e-03
    9.48843418e-03  -3.67867937e-03]] intercept: [[  1.93718600e+00   1.91628167e+00   1.94249871e+00   3.75937472e-04
    3.75937472e-04   1.96442065e+00   3.71929642e-03   3.71929642e-03
    9.48843418e-03  -3.67867937e-03]]
using C=: 0.05 average accuracy: 100.00%
using C=: 0.1 parameters: [[  1.96772148e+00   1.95894825e+00   1.97168481e+00   1.18938147e-04
    1.18938147e-04   1.98228537e+00   1.71443735e-03   1.71443735e-03
    4.55278825e-03  -1.53980431e-03]] intercept: [[  1.96772148e+00   1.95894825e+00   1.97168481e+00   1.18938147e-04
    1.18938147e-04   1.98228537e+00   1.71443735e-03   1.71443735e-03
    4.55278825e-03  -1.53980431e-03]]
using C=: 0.1 parameters: [[  1.96799082e+00   1.95803430e+00   1.97143733e+00   1.15316220e-04
    1.15316220e-04   1.98229059e+00   1.68966235e-03   1.68966235e-03
    4.93727573e-03  -1.56877890e-03]] intercept: [[  1.96799082e+00   1.95803430e+00   1.97143733e+00   1.15316220e-04
    1.15316220e-04   1.98229059e+00   1.68966235e-03   1.68966235e-03
    4.93727573e-03  -1.56877890e-03]]
using C=: 0.1 parameters: [[  1.96812777e+00   1.95736018e+00   1.97075553e+00   1.91640047e-04
    1.91640047e-04   1.98202151e+00   1.88301275e-03   1.88301275e-03
    4.86829666e-03  -1.86404226e-03]] intercept: [[  1.96812777e+00   1.95736018e+00   1.97075553e+00   1.91640047e-04
    1.91640047e-04   1.98202151e+00   1.88301275e-03   1.88301275e-03
    4.86829666e-03  -1.86404226e-03]]
using C=: 0.1 average accuracy: 100.00%
using C=: 0.5 parameters: [[  1.99350206e+00   1.99186497e+00   1.99398859e+00   2.85071888e-05
    2.85071888e-05   1.99637118e+00   3.45397282e-04   3.45397282e-04
    9.18040010e-04  -3.15545609e-04]] intercept: [[  1.99350206e+00   1.99186497e+00   1.99398859e+00   2.85071888e-05
    2.85071888e-05   1.99637118e+00   3.45397282e-04   3.45397282e-04
    9.18040010e-04  -3.15545609e-04]]
using C=: 0.5 parameters: [[  1.99351547e+00   1.99154825e+00   1.99422358e+00   2.04837067e-05
    2.04837067e-05   1.99645511e+00   3.35106036e-04   3.35106036e-04
    1.02176004e-03  -3.11140619e-04]] intercept: [[  1.99351547e+00   1.99154825e+00   1.99422358e+00   2.04837067e-05
    2.04837067e-05   1.99645511e+00   3.35106036e-04   3.35106036e-04
    1.02176004e-03  -3.11140619e-04]]
using C=: 0.5 parameters: [[  1.99354994e+00   1.99137890e+00   1.99412710e+00   2.88978949e-05
    2.88978949e-05   1.99635230e+00   3.79665450e-04   3.79665450e-04
    9.89208180e-04  -3.74654199e-04]] intercept: [[  1.99354994e+00   1.99137890e+00   1.99412710e+00   2.88978949e-05
    2.88978949e-05   1.99635230e+00   3.79665450e-04   3.79665450e-04
    9.89208180e-04  -3.74654199e-04]]
using C=: 0.5 average accuracy: 100.00%
using C=: 1 parameters: [[  1.99674039e+00   1.99586969e+00   1.99710459e+00   1.35784821e-05
    1.35784821e-05   1.99819461e+00   1.71860281e-04   1.71860281e-04
    4.58888411e-04  -1.54152035e-04]] intercept: [[  1.99674039e+00   1.99586969e+00   1.99710459e+00   1.35784821e-05
    1.35784821e-05   1.99819461e+00   1.71860281e-04   1.71860281e-04
    4.58888411e-04  -1.54152035e-04]]
using C=: 1 parameters: [[  1.99680015e+00   1.99580942e+00   1.99715061e+00   2.10117050e-06
    2.10117050e-06   1.99816447e+00   1.67384668e-04   1.67384668e-04
    4.69634768e-04  -1.51954636e-04]] intercept: [[  1.99680015e+00   1.99580942e+00   1.99715061e+00   2.10117050e-06
    2.10117050e-06   1.99816447e+00   1.67384668e-04   1.67384668e-04
    4.69634768e-04  -1.51954636e-04]]
using C=: 1 parameters: [[  1.99677324e+00   1.99568194e+00   1.99703984e+00   8.30462548e-06
    8.30462548e-06   1.99820603e+00   1.90487798e-04   1.90487798e-04
    4.73386948e-04  -1.86789549e-04]] intercept: [[  1.99677324e+00   1.99568194e+00   1.99703984e+00   8.30462548e-06
    8.30462548e-06   1.99820603e+00   1.90487798e-04   1.90487798e-04
    4.73386948e-04  -1.86789549e-04]]
using C=: 1 average accuracy: 100.00%
using C=: 5 parameters: [[  1.99940143e+00   1.99922005e+00   2.02274681e+00   3.39337076e-06
    3.39337076e-06   2.00263418e+00   1.45236682e-05   1.45236682e-05
    1.98123241e-04  -1.79013773e-05]] intercept: [[  1.99940143e+00   1.99922005e+00   2.02274681e+00   3.39337076e-06
    3.39337076e-06   2.00263418e+00   1.45236682e-05   1.45236682e-05
    1.98123241e-04  -1.79013773e-05]]
using C=: 5 parameters: [[  2.01171694e+00   1.99924215e+00   1.99957500e+00   6.40773876e-06
    6.40773876e-06   2.01780789e+00   1.73605192e-05   1.73605192e-05
    1.49312157e-04  -1.56861220e-05]] intercept: [[  2.01171694e+00   1.99924215e+00   1.99957500e+00   6.40773876e-06
    6.40773876e-06   2.01780789e+00   1.73605192e-05   1.73605192e-05
    1.49312157e-04  -1.56861220e-05]]
using C=: 5 parameters: [[  1.99938091e+00   1.99918859e+00   1.99957608e+00   3.53722727e-06
    3.53722727e-06   1.99969462e+00   3.20585906e-05   3.20585906e-05
    6.07416835e-05  -2.81881376e-05]] intercept: [[  1.99938091e+00   1.99918859e+00   1.99957608e+00   3.53722727e-06
    3.53722727e-06   1.99969462e+00   3.20585906e-05   3.20585906e-05
    6.07416835e-05  -2.81881376e-05]]
using C=: 5 average accuracy: 100.00%
using C=: 10 parameters: [[  1.99970238e+00   1.99961821e+00   2.02532897e+00   6.84161776e-07
    6.84161776e-07   2.00502613e+00   7.98664796e-06   7.98664796e-06
    4.94684354e-05  -3.84719180e-06]] intercept: [[  1.99970238e+00   1.99961821e+00   2.02532897e+00   6.84161776e-07
    6.84161776e-07   2.00502613e+00   7.98664796e-06   7.98664796e-06
    4.94684354e-05  -3.84719180e-06]]
using C=: 10 parameters: [[  2.02898637e+00   2.00027172e+00   2.01643227e+00  -1.80291207e-04
   -1.80291207e-04   2.03512189e+00  -4.11652371e-05  -4.11652371e-05
    1.47079494e-03   2.78917001e-05]] intercept: [[  2.02898637e+00   2.00027172e+00   2.01643227e+00  -1.80291207e-04
   -1.80291207e-04   2.03512189e+00  -4.11652371e-05  -4.11652371e-05
    1.47079494e-03   2.78917001e-05]]
using C=: 10 parameters: [[  2.01171062e+00   2.00039417e+00   2.02654424e+00  -4.23134516e-06
   -4.23134516e-06   2.01116399e+00   1.05417085e-05   1.05417085e-05
    5.83803153e-04  -6.79203992e-05]] intercept: [[  2.01171062e+00   2.00039417e+00   2.02654424e+00  -4.23134516e-06
   -4.23134516e-06   2.01116399e+00   1.05417085e-05   1.05417085e-05
    5.83803153e-04  -6.79203992e-05]]
using C=: 10 average accuracy: 100.00%
using C=: 50 parameters: [[  2.00004320e+00   1.99994999e+00   2.03217112e+00   3.89398751e-07
    3.89398751e-07   2.01158780e+00   1.68207882e-06   1.68207882e-06
    5.75065317e-07  -1.60556992e-06]] intercept: [[  2.00004320e+00   1.99994999e+00   2.03217112e+00   3.89398751e-07
    3.89398751e-07   2.01158780e+00   1.68207882e-06   1.68207882e-06
    5.75065317e-07  -1.60556992e-06]]
using C=: 50 parameters: [[  2.03022956e+00   2.00114110e+00   2.01758747e+00  -2.38232492e-04
   -2.38232492e-04   2.03635602e+00  -1.28005364e-05  -1.28005364e-05
    1.11300001e-03   1.56042285e-05]] intercept: [[  2.03022956e+00   2.00114110e+00   2.01758747e+00  -2.38232492e-04
   -2.38232492e-04   2.03635602e+00  -1.28005364e-05  -1.28005364e-05
    1.11300001e-03   1.56042285e-05]]
using C=: 50 parameters: [[  2.01461058e+00   2.00213396e+00   2.02951240e+00  -4.08679012e-04
   -4.08679012e-04   2.01385848e+00  -1.02850980e-05  -1.02850980e-05
    1.32380729e-03  -1.85552380e-05]] intercept: [[  2.01461058e+00   2.00213396e+00   2.02951240e+00  -4.08679012e-04
   -4.08679012e-04   2.01385848e+00  -1.02850980e-05  -1.02850980e-05
    1.32380729e-03  -1.85552380e-05]]
using C=: 50 average accuracy: 100.00%
using C=: 100 parameters: [[  2.00013156e+00   1.99997474e+00   2.03233431e+00  -2.93756868e-07
   -2.93756868e-07   2.01172325e+00   1.09970170e-06   1.09970170e-06
   -1.53452601e-06  -8.78337704e-07]] intercept: [[  2.00013156e+00   1.99997474e+00   2.03233431e+00  -2.93756868e-07
   -2.93756868e-07   2.01172325e+00   1.09970170e-06   1.09970170e-06
   -1.53452601e-06  -8.78337704e-07]]
using C=: 100 parameters: [[  2.03041997e+00   2.00121104e+00   2.01776697e+00  -2.49905983e-04
   -2.49905983e-04   2.03654891e+00  -1.09807972e-05  -1.09807972e-05
    1.17732460e-03   1.54333867e-05]] intercept: [[  2.03041997e+00   2.00121104e+00   2.01776697e+00  -2.49905983e-04
   -2.49905983e-04   2.03654891e+00  -1.09807972e-05  -1.09807972e-05
    1.17732460e-03   1.54333867e-05]]
using C=: 100 parameters: [[  2.01487600e+00   2.00227515e+00   2.02978576e+00  -3.88738348e-04
   -3.88738348e-04   2.01409621e+00  -3.16639057e-05  -3.16639057e-05
    1.42105790e-03   9.90903042e-06]] intercept: [[  2.01487600e+00   2.00227515e+00   2.02978576e+00  -3.88738348e-04
   -3.88738348e-04   2.01409621e+00  -3.16639057e-05  -3.16639057e-05
    1.42105790e-03   9.90903042e-06]]
using C=: 100 average accuracy: 100.00%
using C=: 500 parameters: [[  2.00020292e+00   1.99999753e+00   2.03246446e+00  -4.38018497e-07
   -4.38018497e-07   2.01183129e+00   5.61493267e-07   5.61493267e-07
   -3.38183194e-06  -3.05836979e-07]] intercept: [[  2.00020292e+00   1.99999753e+00   2.03246446e+00  -4.38018497e-07
   -4.38018497e-07   2.01183129e+00   5.61493267e-07   5.61493267e-07
   -3.38183194e-06  -3.05836979e-07]]
using C=: 500 parameters: [[  2.03056732e+00   2.00127520e+00   2.01790567e+00  -2.53633681e-04
   -2.53633681e-04   2.03669164e+00  -1.25457911e-05  -1.25457911e-05
    1.19075063e-03   1.89982547e-05]] intercept: [[  2.03056732e+00   2.00127520e+00   2.01790567e+00  -2.53633681e-04
   -2.53633681e-04   2.03669164e+00  -1.25457911e-05  -1.25457911e-05
    1.19075063e-03   1.89982547e-05]]
using C=: 500 parameters: [[  2.01510451e+00   2.00233004e+00   2.03001133e+00  -4.49143727e-04
   -4.49143727e-04   2.01429080e+00  -1.26884852e-05  -1.26884852e-05
    1.54175576e-03  -3.57811985e-07]] intercept: [[  2.01510451e+00   2.00233004e+00   2.03001133e+00  -4.49143727e-04
   -4.49143727e-04   2.01429080e+00  -1.26884852e-05  -1.26884852e-05
    1.54175576e-03  -3.57811985e-07]]
using C=: 500 average accuracy: 100.00%
using C=: 1000 parameters: [[  2.00021103e+00   2.00000073e+00   2.03248075e+00  -4.28439403e-07
   -4.28439403e-07   2.01184487e+00   5.05659173e-07   5.05659173e-07
   -3.78237318e-06  -2.44595011e-07]] intercept: [[  2.00021103e+00   2.00000073e+00   2.03248075e+00  -4.28439403e-07
   -4.28439403e-07   2.01184487e+00   5.05659173e-07   5.05659173e-07
   -3.78237318e-06  -2.44595011e-07]]
using C=: 1000 parameters: [[  2.03058588e+00   2.00128254e+00   2.01792311e+00  -2.54512332e-04
   -2.54512332e-04   2.03671006e+00  -1.24506249e-05  -1.24506249e-05
    1.19358327e-03   1.91747003e-05]] intercept: [[  2.03058588e+00   2.00128254e+00   2.01792311e+00  -2.54512332e-04
   -2.54512332e-04   2.03671006e+00  -1.24506249e-05  -1.24506249e-05
    1.19358327e-03   1.91747003e-05]]
using C=: 1000 parameters: [[  2.01512902e+00   2.00234706e+00   2.03003675e+00  -4.49069428e-04
   -4.49069428e-04   2.01431246e+00  -1.32115420e-05  -1.32115420e-05
    1.54576328e-03  -1.32874325e-07]] intercept: [[  2.01512902e+00   2.00234706e+00   2.03003675e+00  -4.49069428e-04
   -4.49069428e-04   2.01431246e+00  -1.32115420e-05  -1.32115420e-05
    1.54576328e-03  -1.32874325e-07]]
using C=: 1000 average accuracy: 100.00%
final using C= 0.01 accuracy: 100.00%
parameters: [[  1.80406611e+00   1.74821326e+00   1.82343136e+00   8.31962187e-04
    8.31962187e-04   1.88874848e+00   1.08136086e-02   1.08136086e-02
    2.83044494e-02  -1.01570085e-02]] intercept: [[  1.80406611e+00   1.74821326e+00   1.82343136e+00   8.31962187e-04
    8.31962187e-04   1.88874848e+00   1.08136086e-02   1.08136086e-02
    2.83044494e-02  -1.01570085e-02]]
