using C=: 1e-06 parameters: [[ 0.00723924  0.00239703  0.00255591  0.00326793  0.00326793  0.00983335
   0.02409882  0.02409882  0.0116204  -0.00743528]]
using C=: 1e-06 parameters: [[ 0.00775462  0.00249435  0.00263053  0.00314843  0.00314843  0.00960372
   0.02358368  0.02358368  0.01150013 -0.00635188]]
using C=: 1e-06 parameters: [[ 0.00739248  0.0023727   0.00270198  0.00298162  0.00298162  0.00959779
   0.0238034   0.0238034   0.01142319 -0.0068107 ]]
using C=: 1e-06 average accuracy: 71.83%
using C=: 5e-06 parameters: [[ 0.02810934  0.00824602  0.01134857  0.00633371  0.00633371  0.03493297
   0.0515283   0.0515283   0.02667014 -0.03868788]]
using C=: 5e-06 parameters: [[ 0.02964064  0.00812846  0.01135632  0.00590089  0.00590089  0.03455548
   0.04989021  0.04989021  0.02663942 -0.03467982]]
using C=: 5e-06 parameters: [[ 0.02858363  0.00812197  0.01199884  0.00536126  0.00536126  0.03428102
   0.05050223  0.05050223  0.02591586 -0.03606663]]
using C=: 5e-06 average accuracy: 81.76%
using C=: 1e-05 parameters: [[ 0.04905923  0.01449164  0.0215902   0.00834045  0.00834045  0.05956595
   0.06785747  0.06785747  0.03568462 -0.05796331]]
using C=: 1e-05 parameters: [[ 0.05130037  0.01417886  0.02151193  0.00734331  0.00734331  0.05938556
   0.06485755  0.06485755  0.03545367 -0.05152019]]
using C=: 1e-05 parameters: [[ 0.04955096  0.01451491  0.0229233   0.00654045  0.00654045  0.05869194
   0.0659365   0.0659365   0.03424834 -0.05365392]]
using C=: 1e-05 average accuracy: 89.78%
using C=: 5e-05 parameters: [[ 0.16496346  0.05903167  0.09536427  0.01606604  0.01606604  0.1976807
   0.10241226  0.10241226  0.06502019 -0.09479073]]
using C=: 5e-05 parameters: [[ 0.16541007  0.05903027  0.09461116  0.01028029  0.01028029  0.20102302
   0.09454079  0.09454079  0.06449267 -0.08087095]]
using C=: 5e-05 parameters: [[ 0.15973376  0.06197753  0.1014036   0.00834361  0.00834361  0.19855338
   0.09773954  0.09773954  0.06183815 -0.08481961]]
using C=: 5e-05 average accuracy: 94.16%
using C=: 0.0001 parameters: [[ 0.25555627  0.10869778  0.17544701  0.01971931  0.01971931  0.31926396
   0.10749983  0.10749983  0.0846503  -0.09988058]]
using C=: 0.0001 parameters: [[ 0.25288331  0.11113819  0.17465839  0.00992965  0.00992965  0.3256821
   0.09792151  0.09792151  0.08446082 -0.08332392]]
using C=: 0.0001 parameters: [[ 0.24614532  0.11563927  0.18516209  0.00782273  0.00782273  0.32211921
   0.10163646  0.10163646  0.0815006  -0.08741987]]
using C=: 0.0001 average accuracy: 95.42%
using C=: 0.0005 parameters: [[ 0.59544716  0.39796811  0.56038761  0.0208278   0.0208278   0.80650226
   0.08913843  0.08913843  0.1324094  -0.0855305 ]]
using C=: 0.0005 parameters: [[ 0.59074105  0.41089567  0.56804103  0.00404343  0.00404343  0.83086602
   0.07932547  0.07932547  0.131002   -0.06806821]]
using C=: 0.0005 parameters: [[ 0.58351091  0.42332317  0.58429546  0.00366722  0.00366722  0.82137829
   0.08195904  0.08195904  0.13319886 -0.07113189]]
using C=: 0.0005 average accuracy: 98.64%
using C=: 0.001 parameters: [[ 0.81654198  0.62691027  0.83047644  0.01703183  0.01703183  1.10826361
   0.07229172  0.07229172  0.13419968 -0.07089123]]
using C=: 0.001 parameters: [[ 0.80666168  0.64857406  0.84259854  0.00178735  0.00178735  1.13601586
   0.06522072  0.06522072  0.12934051 -0.05774591]]
using C=: 0.001 parameters: [[ 0.80666545  0.66708127  0.86296582  0.00231779  0.00231779  1.12549471
   0.06709245  0.06709245  0.13135068 -0.05998083]]
using C=: 0.001 average accuracy: 99.53%
using C=: 0.005 parameters: [[ 1.4996799   1.37798948  1.54821967  0.00728503  0.00728503  1.69291306
   0.02922055  0.02922055  0.07123318 -0.02948994]]
using C=: 0.005 parameters: [[ 1.48273201  1.39466112  1.54854866  0.00246607  0.00246607  1.70278162
   0.030277    0.030277    0.06424585 -0.02962024]]
using C=: 0.005 parameters: [[ 1.49595207  1.40752586  1.5641007   0.0031378   0.0031378   1.6984183
   0.03029904  0.03029904  0.06513093 -0.02988808]]
using C=: 0.005 average accuracy: 99.99%
using C=: 0.01 parameters: [[ 1.71422825  1.63655298  1.74459622  0.00410705  0.00410705  1.83021966
   0.01647051  0.01647051  0.04271761 -0.01659723]]
using C=: 0.01 parameters: [[  1.70386949e+00   1.64749101e+00   1.74497460e+00   1.28376735e-03
    1.28376735e-03   1.83590651e+00   1.70851728e-02   1.70851728e-02
    3.85147731e-02  -1.66974388e-02]]
using C=: 0.01 parameters: [[  1.71253787e+00   1.65620399e+00   1.75473276e+00   1.68735385e-03
    1.68735385e-03   1.83351251e+00   1.70602838e-02   1.70602838e-02
    3.88453308e-02  -1.68117755e-02]]
using C=: 0.01 average accuracy: 100.00%
using C=: 0.05 parameters: [[  1.93545783e+00   1.91610607e+00   1.94290303e+00   9.30012203e-04
    9.30012203e-04   1.96278523e+00   3.67764979e-03   3.67764979e-03
    1.00843338e-02  -3.70425991e-03]]
using C=: 0.05 parameters: [[  1.93299009e+00   1.91891608e+00   1.94301589e+00   2.78114194e-04
    2.78114194e-04   1.96408902e+00   3.81859781e-03   3.81859781e-03
    9.07884014e-03  -3.73094099e-03]]
using C=: 0.05 parameters: [[  1.93520778e+00   1.92120965e+00   1.94541923e+00   3.62496237e-04
    3.62496237e-04   1.96357398e+00   3.80407173e-03   3.80407173e-03
    9.10504005e-03  -3.74438841e-03]]
using C=: 0.05 average accuracy: 100.00%
using C=: 0.1 parameters: [[  1.96718966e+00   1.95722804e+00   1.97102110e+00   4.71579960e-04
    4.71579960e-04   1.98115757e+00   1.86881002e-03   1.86881002e-03
    5.15247308e-03  -1.88172256e-03]]
using C=: 0.1 parameters: [[  1.96592409e+00   1.95868262e+00   1.97108010e+00   1.41588958e-04
    1.41588958e-04   1.98182567e+00   1.93893510e-03   1.93893510e-03
    4.64173952e-03  -1.89679960e-03]]
using C=: 0.1 parameters: [[  1.96707428e+00   1.95987331e+00   1.97231631e+00   1.84363213e-04
    1.84363213e-04   1.98156554e+00   1.93086145e-03   1.93086145e-03
    4.65166975e-03  -1.90199580e-03]]
using C=: 0.1 average accuracy: 100.00%
using C=: 0.5 parameters: [[  1.99328412e+00   1.99124868e+00   1.99410714e+00   8.59212324e-05
    8.59212324e-05   1.99617131e+00   3.89694015e-04   3.89694015e-04
    1.04508753e-03  -3.98051696e-04]]
using C=: 0.5 parameters: [[  1.99302850e+00   1.99154944e+00   1.99411515e+00   4.04455542e-05
    4.04455542e-05   1.99630636e+00   4.03877495e-04   4.03877495e-04
    9.46880949e-04  -4.08259329e-04]]
using C=: 0.5 parameters: [[  1.99328619e+00   1.99179819e+00   1.99437017e+00   3.91000325e-05
    3.91000325e-05   1.99626028e+00   4.01013468e-04   4.01013468e-04
    9.45892912e-04  -4.01722649e-04]]
using C=: 0.5 average accuracy: 100.00%
using C=: 1 parameters: [[  1.99658118e+00   1.99555777e+00   1.99701717e+00   5.09397318e-05
    5.09397318e-05   1.99806176e+00   2.09166192e-04   2.09166192e-04
    5.23189040e-04  -2.20677951e-04]]
using C=: 1 parameters: [[  1.99647649e+00   1.99572598e+00   1.99703737e+00   1.67634022e-05
    1.67634022e-05   1.99814624e+00   2.07052730e-04   2.07052730e-04
    4.77667667e-04  -2.11881961e-04]]
using C=: 1 parameters: [[  1.99660813e+00   1.99584127e+00   1.99716956e+00   2.17574091e-05
    2.17574091e-05   1.99811337e+00   2.06571458e-04   2.06571458e-04
    4.76531498e-04  -2.10417677e-04]]
using C=: 1 average accuracy: 100.00%
using C=: 5 parameters: [[  1.99924489e+00   1.99902464e+00   1.99936665e+00   1.03036954e-05
    1.03036954e-05   1.99959186e+00   5.10988140e-05   5.10988140e-05
    1.09222623e-04  -6.15569804e-05]]
using C=: 5 parameters: [[  1.99923127e+00   1.99909934e+00   1.99938313e+00   4.94674511e-06
    4.94674511e-06   1.99961527e+00   5.02473483e-05   5.02473483e-05
    1.03460928e-04  -5.59091478e-05]]
using C=: 5 parameters: [[  1.99927452e+00   1.99910968e+00   1.99940440e+00   9.69193024e-06
    9.69193024e-06   1.99959884e+00   4.78686758e-05   4.78686758e-05
    8.62668674e-05  -5.64628060e-05]]
using C=: 5 average accuracy: 100.00%
using C=: 10 parameters: [[  1.99959586e+00   1.99947449e+00   1.99968309e+00   5.55751673e-06
    5.55751673e-06   1.99979112e+00   2.81425284e-05   2.81425284e-05
    5.42589252e-05  -3.40615952e-05]]
using C=: 10 parameters: [[  1.99959981e+00   1.99950755e+00   1.99966940e+00   5.52433030e-06
    5.52433030e-06   1.99977527e+00  -8.47032129e-06  -8.47032129e-06
    3.44194074e-05  -1.06442582e-04]]
using C=: 10 parameters: [[  1.99960988e+00   1.99954330e+00   1.99968449e+00   6.14289893e-06
    6.14289893e-06   1.99979383e+00   3.03719468e-05   3.03719468e-05
    4.94490579e-05  -3.59662357e-05]]
using C=: 10 average accuracy: 100.00%
using C=: 50 parameters: [[  1.99991885e+00   1.99987082e+00   1.99994160e+00   1.41125463e-06
    1.41125463e-06   1.99995692e+00   7.28289024e-06   7.28289024e-06
    1.28642086e-05  -1.03227918e-05]]
using C=: 50 parameters: [[  1.99990245e+00   1.99988063e+00   1.99993874e+00   2.17137725e-06
    2.17137725e-06   1.99994477e+00   1.05539316e-05   1.05539316e-05
   -2.66890638e-06  -1.15162285e-05]]
using C=: 50 parameters: [[  1.99990563e+00   1.99986272e+00   1.99991243e+00  -4.24189830e-07
   -4.24189830e-07   1.99996862e+00   1.14175458e-05   1.14175458e-05
    1.00195471e-05  -1.61485713e-05]]
using C=: 50 average accuracy: 100.00%
using C=: 100 parameters: [[  1.99993377e+00   1.99994326e+00   1.99997444e+00   4.67893829e-07
    4.67893829e-07   1.99997731e+00   1.35955127e-05   1.35955127e-05
    1.00707241e-05  -1.77270089e-05]]
using C=: 100 parameters: [[  1.99995837e+00   1.99995681e+00   1.99992112e+00  -1.19623998e-06
   -1.19623998e-06   1.99998154e+00   3.16916458e-06   3.16916458e-06
    7.45933720e-06  -4.56540676e-06]]
using C=: 100 parameters: [[  1.99994214e+00   1.99991029e+00   1.99996903e+00   7.96141584e-07
    7.96141584e-07   1.99993995e+00   6.37480984e-06   6.37480984e-06
   -6.52556726e-08  -6.78282875e-06]]
using C=: 100 average accuracy: 100.00%
using C=: 500 parameters: [[  1.99999395e+00   1.99999183e+00   1.99999317e+00  -9.36125245e-07
   -9.36125245e-07   1.99999618e+00   1.66762521e-06   1.66762521e-06
   -1.79873777e-06  -1.11579887e-06]]
using C=: 500 parameters: [[  1.99999373e+00   1.99998980e+00   1.99999647e+00  -1.78156914e-07
   -1.78156914e-07   1.99999672e+00   8.51998538e-07   8.51998538e-07
   -4.00397911e-07  -5.18306530e-07]]
using C=: 500 parameters: [[  1.99999422e+00   1.99998699e+00   1.99999315e+00   6.96761093e-08
    6.96761093e-08   1.99999248e+00   8.26005168e-07   8.26005168e-07
   -1.41750064e-06  -1.32708780e-06]]
using C=: 500 average accuracy: 100.00%
using C=: 1000 parameters: [[  1.99999587e+00   1.99999492e+00   1.99999859e+00  -3.32325242e-07
   -3.32325242e-07   1.99999878e+00   6.81758380e-07   6.81758380e-07
    3.24461205e-07  -8.39001147e-07]]
using C=: 1000 parameters: [[  1.99999686e+00   1.99999123e+00   1.99999826e+00  -1.06424890e-06
   -1.06424890e-06   1.99999870e+00   1.00587639e-06   1.00587639e-06
   -2.79927959e-06  -7.90973787e-07]]
using C=: 1000 parameters: [[  1.99999817e+00   1.99999072e+00   1.99999833e+00  -5.99438661e-09
   -5.99438661e-09   1.99999796e+00   1.71375294e-07   1.71375294e-07
    8.45790777e-07  -1.96751214e-07]]
using C=: 1000 average accuracy: 100.00%
final using C= 0.01 accuracy: 100.00%
parameters: [[  1.79732967e+00   1.75111693e+00   1.82462609e+00   1.59285863e-03
    1.59285863e-03   1.88473034e+00   1.17312370e-02   1.17312370e-02
    2.84716311e-02  -1.16016221e-02]]
