using C=: 1e-06 parameters: [[ 0.00765921  0.00253924  0.0026688   0.00317365  0.00317365  0.00953564
   0.02373502  0.02373502  0.01143211 -0.00658738]] intercept: [-0.00378574]
using C=: 1e-06 parameters: [[ 0.00720101  0.0024885   0.00251303  0.00318277  0.00318277  0.00959118
   0.02392034  0.02392034  0.01162811 -0.00671679]] intercept: [-0.0037955]
using C=: 1e-06 parameters: [[ 0.00752393  0.00250472  0.00268207  0.00330953  0.00330953  0.00936998
   0.02348755  0.02348755  0.01157563 -0.00647405]] intercept: [-0.00374579]
using C=: 1e-06 average accuracy: 71.89%
using C=: 5e-06 parameters: [[ 0.03056322  0.00857612  0.01175481  0.00619622  0.00619622  0.03433346
   0.05008536  0.05008536  0.02654042 -0.03565644]] intercept: [-0.02337127]
using C=: 5e-06 parameters: [[ 0.02784605  0.0083266   0.01102732  0.00572043  0.00572043  0.03436338
   0.0506658   0.0506658   0.02645061 -0.03635576]] intercept: [-0.02345021]
using C=: 5e-06 parameters: [[ 0.02957659  0.00858038  0.01174331  0.00622163  0.00622163  0.03349993
   0.04955259  0.04955259  0.02674678 -0.03543313]] intercept: [-0.02315548]
using C=: 5e-06 average accuracy: 81.61%
using C=: 1e-05 parameters: [[ 0.05409692  0.01517667  0.02240575  0.00788771  0.00788771  0.05894707
   0.06493476  0.06493476  0.0356687  -0.05303346]] intercept: [-0.04621358]
using C=: 1e-05 parameters: [[ 0.04857879  0.01462948  0.02104301  0.00688696  0.00688696  0.0591147
   0.06637352  0.06637352  0.03492699 -0.05444052]] intercept: [-0.0462887]
using C=: 1e-05 parameters: [[ 0.05200959  0.01528278  0.02234552  0.00784717  0.00784717  0.05703983
   0.06446123  0.06446123  0.03561763 -0.05295793]] intercept: [-0.04575186]
using C=: 1e-05 average accuracy: 89.73%
using C=: 5e-05 parameters: [[ 0.17276491  0.06305359  0.09830134  0.0109289   0.0109289   0.20324726
   0.09346858  0.09346858  0.06539861 -0.08320497]] intercept: [-0.1780295]
using C=: 5e-05 parameters: [[ 0.16353513  0.05957136  0.09306941  0.00861209  0.00861209  0.1996031
   0.09881822  0.09881822  0.06341387 -0.0872133 ]] intercept: [-0.17755043]
using C=: 5e-05 parameters: [[ 0.16736011  0.06446451  0.09711305  0.01118394  0.01118394  0.19497287
   0.09478772  0.09478772  0.06706748 -0.0847186 ]] intercept: [-0.17571137]
using C=: 5e-05 average accuracy: 94.28%
using C=: 0.0001 parameters: [[ 0.26130449  0.11679614  0.18014536  0.01129682  0.01129682  0.32988756
   0.09629503  0.09629503  0.08510512 -0.08592996]] intercept: [-0.27776088]
using C=: 0.0001 parameters: [[ 0.25417929  0.11056565  0.17025825  0.00813155  0.00813155  0.3228342
   0.1035485   0.1035485   0.08361466 -0.09088711]] intercept: [-0.2770862]
using C=: 0.0001 parameters: [[ 0.25853605  0.1192623   0.17586036  0.01132944  0.01132944  0.31827253
   0.0981145   0.0981145   0.08850391 -0.08769637]] intercept: [-0.2748755]
using C=: 0.0001 average accuracy: 95.49%
using C=: 0.0005 parameters: [[ 0.60450228  0.41867924  0.57767182  0.01112466  0.01112466  0.83113772
   0.07674282  0.07674282  0.12996506 -0.0695061 ]] intercept: [-0.56049574]
using C=: 0.0005 parameters: [[ 0.59280595  0.40795187  0.55397585  0.00431441  0.00431441  0.81924715
   0.08538342  0.08538342  0.13421961 -0.07616973]] intercept: [-0.55612393]
using C=: 0.0005 parameters: [[ 0.61166447  0.42466786  0.55666363  0.00824279  0.00824279  0.81228226
   0.07849522  0.07849522  0.14146215 -0.07249132]] intercept: [-0.5547324]
using C=: 0.0005 average accuracy: 98.72%
using C=: 0.001 parameters: [[ 0.83276589  0.65636985  0.85989378  0.00931962  0.00931962  1.13919354
   0.0618843   0.0618843   0.12668581 -0.05730987]] intercept: [-0.67674951]
using C=: 0.001 parameters: [[ 0.81228467  0.65073802  0.82363415  0.00154812  0.00154812  1.12429445
   0.06923388  0.06923388  0.13588886 -0.0632024 ]] intercept: [-0.67187845]
using C=: 0.001 parameters: [[ 0.84339849  0.66135225  0.82433477  0.00720906  0.00720906  1.11771128
   0.06244373  0.06244373  0.14261273 -0.05942429]] intercept: [-0.67202522]
using C=: 0.001 average accuracy: 99.59%
using C=: 0.005 parameters: [[ 1.52435642  1.39951399  1.56846204  0.00537813  0.00537813  1.70746642
   0.02599646  0.02599646  0.06146663 -0.02561281]] intercept: [-0.88180637]
using C=: 0.005 parameters: [[  1.50186884e+00   1.40530582e+00   1.54499618e+00   1.82571629e-05
    1.82571629e-05   1.70117434e+00   2.82589945e-02   2.82589945e-02
    7.08812179e-02  -2.67914904e-02]] intercept: [-0.88127815]
using C=: 0.005 parameters: [[ 1.53385321  1.40434453  1.54137603  0.0045594   0.0045594   1.69883367
   0.02554438  0.02554438  0.07140312 -0.0259503 ]] intercept: [-0.88026737]
using C=: 0.005 average accuracy: 99.99%
using C=: 0.01 parameters: [[ 1.73047782  1.65117792  1.75753694  0.00299229  0.00299229  1.83893211
   0.01458369  0.01458369  0.03653792 -0.01434602]] intercept: [-0.93429535]
using C=: 0.01 parameters: [[  1.71596503e+00   1.65420275e+00   1.74276841e+00  -1.22227130e-04
   -1.22227130e-04   1.83528110e+00   1.58895053e-02   1.58895053e-02
    4.22959672e-02  -1.50284433e-02]] intercept: [-0.93388013]
using C=: 0.01 parameters: [[ 1.73616648  1.65410096  1.74076946  0.00250495  0.00250495  1.83397548
   0.01428733  0.01428733  0.04249812 -0.01451495]] intercept: [-0.93338944]
using C=: 0.01 average accuracy: 100.00%
using C=: 0.05 parameters: [[  1.93969167e+00   1.91979860e+00   1.94609620e+00   6.72329244e-04
    6.72329244e-04   1.96475680e+00   3.23931371e-03   3.23931371e-03
    8.59503361e-03  -3.18826134e-03]] intercept: [-0.98550461]
using C=: 0.05 parameters: [[  1.93606478e+00   1.92057365e+00   1.94216294e+00   1.23846849e-05
    1.23846849e-05   1.96388425e+00   3.54738619e-03   3.54738619e-03
    9.85408433e-03  -3.35422552e-03]] intercept: [-0.98534191]
using C=: 0.05 parameters: [[  1.94104152e+00   1.92046613e+00   1.94203079e+00   5.40829233e-04
    5.40829233e-04   1.96365319e+00   3.16461284e-03   3.16461284e-03
    1.00052028e-02  -3.22048365e-03]] intercept: [-0.98529806]
using C=: 0.05 average accuracy: 100.00%
using C=: 0.1 parameters: [[  1.96936347e+00   1.95930328e+00   1.97269068e+00   3.32592414e-04
    3.32592414e-04   1.98222234e+00   1.64250854e-03   1.64250854e-03
    4.35233547e-03  -1.61343775e-03]] intercept: [-0.99266952]
using C=: 0.1 parameters: [[  1.96754416e+00   1.95969567e+00   1.97086736e+00  -2.64599504e-05
   -2.64599504e-05   1.98175262e+00   1.79160928e-03   1.79160928e-03
    5.05726549e-03  -1.69124762e-03]] intercept: [-0.99261098]
using C=: 0.1 parameters: [[  1.97004103e+00   1.95970017e+00   1.97062540e+00   2.67232865e-04
    2.67232865e-04   1.98173775e+00   1.60122994e-03   1.60122994e-03
    5.05849934e-03  -1.62732816e-03]] intercept: [-0.99257187]
using C=: 0.1 average accuracy: 100.00%
using C=: 0.5 parameters: [[  1.99383487e+00   1.99192185e+00   1.99438099e+00   8.73568306e-05
    8.73568306e-05   1.99643327e+00   3.30265548e-04   3.30265548e-04
    8.26854500e-04  -3.25194143e-04]] intercept: [-0.9985112]
using C=: 0.5 parameters: [[  1.99351289e+00   1.99193571e+00   1.99416537e+00  -1.25878610e-06
   -1.25878610e-06   1.99630940e+00   3.57816605e-04   3.57816605e-04
    9.92124577e-04  -3.36973166e-04]] intercept: [-0.99851717]
using C=: 0.5 parameters: [[  1.99398886e+00   1.99210577e+00   1.99409619e+00   4.95341724e-05
    4.95341724e-05   1.99643911e+00   3.18847078e-04   3.18847078e-04
    9.47721749e-04  -3.20255628e-04]] intercept: [-0.99852558]
using C=: 0.5 average accuracy: 100.00%
using C=: 1 parameters: [[  1.99694842e+00   1.99596711e+00   1.99721152e+00   1.88783697e-05
    1.88783697e-05   1.99822338e+00   1.61204062e-04   1.61204062e-04
    4.38444100e-04  -1.57033448e-04]] intercept: [-0.9992703]
using C=: 1 parameters: [[  1.99680144e+00   1.99593667e+00   1.99710218e+00  -9.97723562e-06
   -9.97723562e-06   1.99822069e+00   1.65370239e-04   1.65370239e-04
    5.10579174e-04  -1.53627194e-04]] intercept: [-0.99928871]
using C=: 1 parameters: [[  1.99699116e+00   1.99592235e+00   1.99701431e+00   1.73285424e-05
    1.73285424e-05   1.99812859e+00   1.60110676e-04   1.60110676e-04
    5.19921626e-04  -1.61545200e-04]] intercept: [-0.99925054]
using C=: 1 average accuracy: 100.00%
using C=: 5 parameters: [[  1.99943848e+00   1.99923132e+00   2.03292467e+00   1.48154433e-05
    1.48154433e-05   2.00955688e+00   1.89383778e-05   1.89383778e-05
    1.44529054e-04  -1.82434322e-05]] intercept: [-0.99995161]
using C=: 5 parameters: [[  1.99937349e+00   1.99920477e+00   1.99943775e+00  -2.65159736e-05
   -2.65159736e-05   2.00248649e+00   1.40125853e-05   1.40125853e-05
    2.30066872e-04  -8.95785287e-06]] intercept: [-0.99994864]
using C=: 5 parameters: [[  2.00713166e+00   1.99929539e+00   2.00300559e+00   1.00041855e-05
    1.00041855e-05   2.00743148e+00   4.26781347e-05   4.26781347e-05
    2.13717312e-04  -7.69192953e-05]] intercept: [-0.99990455]
using C=: 5 average accuracy: 100.00%
using C=: 10 parameters: [[  2.00051399e+00   1.99977940e+00   2.04239216e+00  -2.07073846e-05
   -2.07073846e-05   2.02036178e+00  -5.12520080e-06  -5.12520080e-06
    1.62793583e-04  -8.76067479e-07]] intercept: [-1.00000767]
using C=: 10 parameters: [[  2.00164576e+00   2.00066374e+00   1.99972639e+00  -3.62381754e-05
   -3.62381754e-05   2.01333975e+00   4.37411797e-06   4.37411797e-06
    1.23759975e-05  -9.10271578e-07]] intercept: [-0.99998183]
using C=: 10 parameters: [[  2.00952347e+00   1.99964085e+00   2.00521809e+00   1.03147200e-05
    1.03147200e-05   2.00960981e+00   1.96704771e-05   1.96704771e-05
    6.34146398e-05  -3.39335732e-05]] intercept: [-0.99991969]
using C=: 10 average accuracy: 100.00%
using C=: 50 parameters: [[  2.00137263e+00   2.00021105e+00   2.04362433e+00  -2.29319684e-05
   -2.29319684e-05   2.02137098e+00  -1.66138394e-05  -1.66138394e-05
    2.93793788e-04   3.89166930e-06]] intercept: [-1.00009809]
using C=: 50 parameters: [[  2.00016971e+00   1.99994997e+00   1.99999103e+00   4.73193170e-06
    4.73193170e-06   2.03942033e+00   4.28632622e-06   4.28632622e-06
   -1.45375566e-05  -4.60770679e-06]] intercept: [-0.99998937]
using C=: 50 parameters: [[  2.01046909e+00   1.99997002e+00   2.00610579e+00   7.93789928e-07
    7.93789928e-07   2.01058353e+00   1.11466751e-06   1.11466751e-06
   -2.55153925e-06  -1.45181335e-06]] intercept: [-0.99999376]
using C=: 50 average accuracy: 100.00%
using C=: 100 parameters: [[  2.00150225e+00   2.00037278e+00   2.04380364e+00  -3.09565564e-05
   -3.09565564e-05   2.02152616e+00  -1.00815793e-05  -1.00815793e-05
    2.25630247e-04  -1.09847039e-07]] intercept: [-1.00008544]
using C=: 100 parameters: [[  2.00052082e+00   1.99991803e+00   2.00000667e+00   8.39532820e-06
    8.39532820e-06   2.03959062e+00  -1.90592704e-06  -1.90592704e-06
    2.65267798e-05   3.56353833e-07]] intercept: [-1.0000021]
using C=: 100 parameters: [[  2.01068424e+00   2.00001508e+00   2.00626754e+00  -1.15559603e-05
   -1.15559603e-05   2.01074772e+00  -5.84695416e-06  -5.84695416e-06
    1.22701198e-04   3.98758577e-06]] intercept: [-1.00005092]
using C=: 100 average accuracy: 100.00%
----
final using C= 0.01 accuracy: 100.00%
parameters: [[  1.81010103e+00   1.75606273e+00   1.82408482e+00   1.29066181e-03
    1.29066181e-03   1.88680965e+00   1.03379765e-02   1.03379765e-02
    2.86271109e-02  -1.01301368e-02]] intercept: [-0.95418406]
